Build started 5/17/2014 12:21:00 AM.
     1>Project "C:\Users\Matt\Documents\Repositories\ElementsProblems\InterviewQuestions\InterviewQuestions.vcxproj" on node 2 (Build target(s)).
     1>ClCompile:
         C:\Program Files (x86)\Microsoft Visual Studio 11.0\VC\bin\CL.exe /c /ZI /nologo /W3 /WX- /sdl /Od /Oy- /D WIN32 /D _DEBUG /D _CONSOLE /D _UNICODE /D UNICODE /Gm /EHsc /RTC1 /MDd /GS /fp:precise /Zc:wchar_t /Zc:forScope /Yu"stdafx.h" /Fp"Debug\InterviewQuestions.pch" /Fo"Debug\\" /Fd"Debug\vc110.pdb" /Gd /TP /analyze- /errorReport:prompt 5.12.cpp InterviewQuestions.cpp
         InterviewQuestions.cpp
         5.12.cpp
     1>c:\users\matt\documents\repositories\elementsproblems\interviewquestions\5.12.cpp(67): warning C4800: 'int' : forcing value to bool 'true' or 'false' (performance warning)
         Generating Code...
       Link:
         C:\Program Files (x86)\Microsoft Visual Studio 11.0\VC\bin\link.exe /ERRORREPORT:PROMPT /OUT:"C:\Users\Matt\Documents\Repositories\ElementsProblems\Debug\InterviewQuestions.exe" /INCREMENTAL /NOLOGO kernel32.lib user32.lib gdi32.lib winspool.lib comdlg32.lib advapi32.lib shell32.lib ole32.lib oleaut32.lib uuid.lib odbc32.lib odbccp32.lib /MANIFEST /MANIFESTUAC:"level='asInvoker' uiAccess='false'" /manifest:embed /DEBUG /PDB:"C:\Users\Matt\Documents\Repositories\ElementsProblems\Debug\InterviewQuestions.pdb" /SUBSYSTEM:CONSOLE /TLBID:1 /DYNAMICBASE /NXCOMPAT /IMPLIB:"C:\Users\Matt\Documents\Repositories\ElementsProblems\Debug\InterviewQuestions.lib" /MACHINE:X86 Debug\5.2.obj
         Debug\5.4.obj
         Debug\5.5.obj
         Debug\common.obj
         Debug\InterviewQuestions.obj
         Debug\5.12.obj
         Debug\stdafx.obj
         LINK : C:\Users\Matt\Documents\Repositories\ElementsProblems\Debug\InterviewQuestions.exe not found or not built by the last incremental link; performing full link
         InterviewQuestions.vcxproj -> C:\Users\Matt\Documents\Repositories\ElementsProblems\Debug\InterviewQuestions.exe
     1>Done Building Project "C:\Users\Matt\Documents\Repositories\ElementsProblems\InterviewQuestions\InterviewQuestions.vcxproj" (Build target(s)).

Build succeeded.

Time Elapsed 00:00:04.34
